<?xml version="1.0" encoding="UTF-8"?>
<!-- Generated by org.testng.reporters.JUnitXMLReporter -->
<testsuite ignored="0" hostname="lab-01-demo" failures="0" tests="3" name="firefox" time="6.104" errors="0" timestamp="2026-03-01T17:35:16 IST">
  <testcase classname="com.TestNG.Nykaa" name="search" time="0.0">
    <skipped/>
  </testcase> <!-- search -->
  <testcase classname="com.TestNG.Nykaa" name="category" time="0.0">
    <skipped/>
  </testcase> <!-- category -->
  <testcase classname="com.TestNG.Nykaa" name="bag" time="0.0">
    <skipped/>
  </testcase> <!-- bag -->
</testsuite> <!-- firefox -->
