<?xml version="1.0" encoding="UTF-8"?>
<!-- Generated by org.testng.reporters.JUnitReportReporter -->
<testsuite hostname="F1-Demo" failures="0" tests="3" name="com.CucumberRunner.Runner" time="54.312" errors="0" timestamp="2026-04-05T14:47:39 IST" skipped="0">
  <testcase classname="com.CucumberRunner.Runner" name="runScenario" time="17.545"/>
  <testcase classname="com.CucumberRunner.Runner" name="runScenario" time="18.072"/>
  <testcase classname="com.CucumberRunner.Runner" name="runScenario" time="18.695"/>
</testsuite> <!-- com.CucumberRunner.Runner -->
