<?xml version="1.0" encoding="UTF-8"?>
<!-- Generated by org.testng.reporters.JUnitReportReporter -->
<testsuite hostname="lab-01-demo" failures="0" tests="4" name="com.TestNG.Ebay" time="45.501" errors="0" timestamp="2026-03-08T17:03:13 IST" skipped="0">
  <testcase classname="com.TestNG.Ebay" name="searchAnProduct" time="11.203"/>
  <testcase classname="com.TestNG.Ebay" name="searchAnProduct" time="11.102"/>
  <testcase classname="com.TestNG.Ebay" name="searchAnProduct" time="11.779"/>
  <testcase classname="com.TestNG.Ebay" name="searchAnProduct" time="11.417"/>
</testsuite> <!-- com.TestNG.Ebay -->
