<?xml version="1.0" encoding="UTF-8"?>
<!-- Generated by org.testng.reporters.JUnitReportReporter -->
<testsuite hostname="lab-01-demo" failures="0" tests="3" name="com.TestNG.AnotationDemo" time="0.012" errors="0" timestamp="2026-02-22T15:12:37 IST" skipped="0">
  <testcase classname="com.TestNG.AnotationDemo" name="cond2" time="0.002"/>
  <testcase classname="com.TestNG.AnotationDemo" name="cond1" time="0.007"/>
  <testcase classname="com.TestNG.AnotationDemo" name="cond3" time="0.003"/>
</testsuite> <!-- com.TestNG.AnotationDemo -->
