<?xml version="1.0" encoding="UTF-8"?>
<!-- Generated by org.testng.reporters.JUnitReportReporter -->
<testsuite hostname="F1-Demo" failures="0" tests="3" name="com.CucumberRunner.Runner" time="53.016" errors="0" timestamp="2026-04-05T17:13:55 IST" skipped="0">
  <testcase classname="com.CucumberRunner.Runner" name="runScenario" time="18.328"/>
  <testcase classname="com.CucumberRunner.Runner" name="runScenario" time="17.044"/>
  <testcase classname="com.CucumberRunner.Runner" name="runScenario" time="17.644"/>
</testsuite> <!-- com.CucumberRunner.Runner -->
